[INFO] 2023-04-25 11:47:47.391 +0000 - Begin to pulling task
[INFO] 2023-04-25 11:47:47.395 +0000 - Begin to initialize task
[INFO] 2023-04-25 11:47:47.395 +0000 - Set task startTime: Tue Apr 25 11:47:47 UTC 2023
[INFO] 2023-04-25 11:47:47.396 +0000 - Set task envFile: /ssd/apache-dolphinscheduler-3.1.5-bin/standalone-server/conf/dolphinscheduler_env.sh
[INFO] 2023-04-25 11:47:47.396 +0000 - Set task appId: 5_5
[INFO] 2023-04-25 11:47:47.396 +0000 - End initialize task
[INFO] 2023-04-25 11:47:47.397 +0000 - Set task status to TaskExecutionStatus{code=1, desc='running'}
[INFO] 2023-04-25 11:47:47.398 +0000 - TenantCode:ssd check success
[INFO] 2023-04-25 11:47:47.399 +0000 - ProcessExecDir:/tmp/dolphinscheduler/exec/process/ssd/9335022518560/9343033893664_4/5/5 check success
[INFO] 2023-04-25 11:47:47.400 +0000 - Resources:{} check success
[INFO] 2023-04-25 11:47:47.400 +0000 - Task plugin: SQL create success
[INFO] 2023-04-25 11:47:47.400 +0000 - Success initialized task plugin instance success
[INFO] 2023-04-25 11:47:47.400 +0000 - Success set taskVarPool: null
[INFO] 2023-04-25 11:47:47.400 +0000 - Full sql parameters: SqlParameters{type='POSTGRESQL', datasource=1, sql='SELECT * FROM wintop_security.sys_menu', sqlType=0, sendEmail=null, displayRows=10, limit=0, segmentSeparator=, udfs='null', showType='null', connParams='null', groupId='0', title='null', preStatements=[], postStatements=[]}
[INFO] 2023-04-25 11:47:47.400 +0000 - sql type : POSTGRESQL, datasource : 1, sql : SELECT * FROM wintop_security.sys_menu , localParams : [],udfs : null,showType : null,connParams : null,varPool : [] ,query max result limit  0
[INFO] 2023-04-25 11:47:47.401 +0000 - can't find udf function resource
[INFO] 2023-04-25 11:47:47.404 +0000 - prepare statement replace sql : SELECT * FROM wintop_security.sys_menu, sql parameters : {}
[INFO] 2023-04-25 11:47:47.453 +0000 - display sql result 10 rows as follows:
[INFO] 2023-04-25 11:47:47.454 +0000 - row 1 : {"id":"67ddb7c887dc3d4cb5f7aa74c3622701","pid":"eef613401a2472a733fcc7da8cab4944","url":"/farmlandSupervision/funcmap/index","permissions":"","type":0,"icon":"","sort":0,"creator":"b3d7625a0b4f7241ad207b0aa39a01be","create_date":"2023-02-20 13:07:31","updater":"b3d7625a0b4f7241ad207b0aa39a01be","update_date":"2023-02-20 13:35:36","system_type":1,"remarks":"","background_file_id":""}
[INFO] 2023-04-25 11:47:47.454 +0000 - row 2 : {"id":"3728570d07a1e2f9663667ce9d3759b2","pid":"eef613401a2472a733fcc7da8cab4944","url":"/farmlandSupervision/facilities","permissions":"","type":0,"icon":"","sort":5,"creator":"b3d7625a0b4f7241ad207b0aa39a01be","create_date":"2023-02-03 10:02:01","updater":"b3d7625a0b4f7241ad207b0aa39a01be","update_date":"2023-02-28 15:05:11","system_type":1,"remarks":"","background_file_id":"ecb980df1b644404967fd881f0272c3e"}
[INFO] 2023-04-25 11:47:47.454 +0000 - row 3 : {"id":"91411e77d2fef5e747b1c6aad634a5e1","pid":"416cf6d46fd7c64d40d148bba9de0f9e","url":"/assetOwnership/certificateChange/newBusiness/index","permissions":"","type":0,"icon":"","sort":0,"creator":"b3d7625a0b4f7241ad207b0aa39a01be","create_date":"2023-02-07 11:50:17","updater":"b3d7625a0b4f7241ad207b0aa39a01be","update_date":"2023-02-07 11:50:37","system_type":1,"remarks":"","background_file_id":""}
[INFO] 2023-04-25 11:47:47.455 +0000 - row 4 : {"id":"ed84866eeb75ee97d227285e44b2d14c","pid":"eef613401a2472a733fcc7da8cab4944","url":"/farmlandSupervision/projectManage/index","permissions":"","type":0,"icon":"","sort":6,"creator":"b3d7625a0b4f7241ad207b0aa39a01be","create_date":"2023-02-03 10:02:26","updater":"b3d7625a0b4f7241ad207b0aa39a01be","update_date":"2023-02-28 15:06:07","system_type":1,"remarks":"","background_file_id":"bb1cfeb6f37e436ea8a0fd1eaf9f8d58"}
[INFO] 2023-04-25 11:47:47.455 +0000 - row 5 : {"id":"79c807af09ce55d75d0829a96bfec549","pid":"865dfbe1238800e1e3a774fe6242679f","url":"/assetOwnership/limitMap/index","permissions":"","type":0,"icon":"","sort":5,"creator":"b3d7625a0b4f7241ad207b0aa39a01be","create_date":"2023-02-03 09:57:36","updater":"b3d7625a0b4f7241ad207b0aa39a01be","update_date":"2023-03-08 14:34:30","system_type":1,"remarks":"","background_file_id":"9d9e8f41115349fe9c47389cdd050f1b"}
[INFO] 2023-04-25 11:47:47.455 +0000 - row 6 : {"id":"9f255e25ea88b9bb61524de7158205e5","pid":"e76f8c1e904717dd51d44a7ede0e8fea","url":"/systemManager/subsystemConfiguration","permissions":"","type":0,"icon":"","sort":0,"creator":"1067246875800000001","create_date":"2023-02-21 14:14:35","updater":"1067246875800000001","update_date":"2023-02-21 14:15:22","system_type":0,"remarks":"","background_file_id":""}
[INFO] 2023-04-25 11:47:47.455 +0000 - row 7 : {"id":"a636e547f7386025027976564ec0d087","pid":"4bf93e4d735daa8b373673b2093d6654","url":"/farmlandSupervision/supplement/newBusiness/index","permissions":"","type":0,"icon":"","sort":0,"creator":"b3d7625a0b4f7241ad207b0aa39a01be","create_date":"2023-02-03 10:02:52","updater":"b3d7625a0b4f7241ad207b0aa39a01be","update_date":"2023-02-07 14:08:54","system_type":1,"remarks":"","background_file_id":""}
[INFO] 2023-04-25 11:47:47.455 +0000 - row 8 : {"id":"865dfbe1238800e1e3a774fe6242679f","pid":"0","url":"/assetOwnership","permissions":"","type":0,"icon":"md-filing","sort":401,"creator":"b3d7625a0b4f7241ad207b0aa39a01be","create_date":"2023-01-31 13:52:39","updater":"b3d7625a0b4f7241ad207b0aa39a01be","update_date":"2023-03-08 13:59:18","system_type":1,"remarks":"","background_file_id":"76cc9276e5a54475af3c04a54f5ca082"}
[INFO] 2023-04-25 11:47:47.455 +0000 - row 9 : {"id":"c890231047459a50bc88fd3b2b637f77","pid":"4bf93e4d735daa8b373673b2093d6654","url":"/farmlandSupervision/supplement/done/index","permissions":"","type":0,"icon":"","sort":2,"creator":"b3d7625a0b4f7241ad207b0aa39a01be","create_date":"2023-02-03 10:03:35","updater":"b3d7625a0b4f7241ad207b0aa39a01be","update_date":"2023-02-07 14:09:27","system_type":1,"remarks":"","background_file_id":""}
[INFO] 2023-04-25 11:47:47.456 +0000 - row 10 : {"id":"4a5a571d6f91dcd65217b74debfdf2d6","pid":"9f255e25ea88b9bb61524de7158205e5","url":"/systemManager/subsystemConfiguration/dataConfiguration/index","permissions":"","type":0,"icon":"","sort":0,"creator":"1067246875800000001","create_date":"2023-02-21 14:16:13","updater":"1067246875800000001","update_date":"2023-02-21 14:17:01","system_type":0,"remarks":"","background_file_id":""}
[INFO] 2023-04-25 11:47:47.459 +0000 - Send task execute result to master, the current task status: TaskExecutionStatus{code=7, desc='success'}
[INFO] 2023-04-25 11:47:47.460 +0000 - Remove the current task execute context from worker cache
[INFO] 2023-04-25 11:47:47.460 +0000 - The current execute mode isn't develop mode, will clear the task execute file: /tmp/dolphinscheduler/exec/process/ssd/9335022518560/9343033893664_4/5/5
[INFO] 2023-04-25 11:47:47.460 +0000 - Success clear the task execute file: /tmp/dolphinscheduler/exec/process/ssd/9335022518560/9343033893664_4/5/5
