[INFO] 2023-04-25 12:21:24.435 +0000 - Begin to pulling task
[INFO] 2023-04-25 12:21:24.439 +0000 - Begin to initialize task
[INFO] 2023-04-25 12:21:24.439 +0000 - Set task startTime: Tue Apr 25 12:21:24 UTC 2023
[INFO] 2023-04-25 12:21:24.439 +0000 - Set task envFile: /ssd/apache-dolphinscheduler-3.1.5-bin/standalone-server/conf/dolphinscheduler_env.sh
[INFO] 2023-04-25 12:21:24.439 +0000 - Set task appId: 8_8
[INFO] 2023-04-25 12:21:24.440 +0000 - End initialize task
[INFO] 2023-04-25 12:21:24.440 +0000 - Set task status to TaskExecutionStatus{code=1, desc='running'}
[INFO] 2023-04-25 12:21:24.441 +0000 - TenantCode:ssd check success
[INFO] 2023-04-25 12:21:24.442 +0000 - ProcessExecDir:/tmp/dolphinscheduler/exec/process/ssd/9335022518560/9343033893664_7/8/8 check success
[INFO] 2023-04-25 12:21:24.442 +0000 - Resources:{} check success
[INFO] 2023-04-25 12:21:24.442 +0000 - Task plugin: SQL create success
[INFO] 2023-04-25 12:21:24.443 +0000 - Success initialized task plugin instance success
[INFO] 2023-04-25 12:21:24.443 +0000 - Success set taskVarPool: null
[INFO] 2023-04-25 12:21:24.443 +0000 - Full sql parameters: SqlParameters{type='POSTGRESQL', datasource=1, sql='INSERT INTO wintop_security.ssd (id, pid, url, permissions, type1, icon, sort, creator, create_date, updater, update_date, system_type, remarks, background_file_id)
SELECT id, pid, url, permissions, type, icon, sort, creator, create_date, updater, update_date, system_type, remarks, background_file_id
FROM wintop_security.sys_menu;
', sqlType=1, sendEmail=null, displayRows=10, limit=0, segmentSeparator=, udfs='null', showType='null', connParams='null', groupId='0', title='null', preStatements=[], postStatements=[]}
[INFO] 2023-04-25 12:21:24.443 +0000 - sql type : POSTGRESQL, datasource : 1, sql : INSERT INTO wintop_security.ssd (id, pid, url, permissions, type1, icon, sort, creator, create_date, updater, update_date, system_type, remarks, background_file_id)
SELECT id, pid, url, permissions, type, icon, sort, creator, create_date, updater, update_date, system_type, remarks, background_file_id
FROM wintop_security.sys_menu;
 , localParams : [],udfs : null,showType : null,connParams : null,varPool : [] ,query max result limit  0
[INFO] 2023-04-25 12:21:24.446 +0000 - can't find udf function resource
[INFO] 2023-04-25 12:21:24.450 +0000 - prepare statement replace sql : INSERT INTO wintop_security.ssd (id, pid, url, permissions, type1, icon, sort, creator, create_date, updater, update_date, system_type, remarks, background_file_id)
SELECT id, pid, url, permissions, type, icon, sort, creator, create_date, updater, update_date, system_type, remarks, background_file_id
FROM wintop_security.sys_menu;
, sql parameters : {}
[INFO] 2023-04-25 12:21:24.455 +0000 - main statement execute update result: 138, for sql: INSERT INTO wintop_security.ssd (id, pid, url, permissions, type1, icon, sort, creator, create_date, updater, update_date, system_type, remarks, background_file_id)
SELECT id, pid, url, permissions, type, icon, sort, creator, create_date, updater, update_date, system_type, remarks, background_file_id
FROM wintop_security.sys_menu;

[INFO] 2023-04-25 12:21:24.456 +0000 - Send task execute result to master, the current task status: TaskExecutionStatus{code=7, desc='success'}
[INFO] 2023-04-25 12:21:24.456 +0000 - Remove the current task execute context from worker cache
[INFO] 2023-04-25 12:21:24.456 +0000 - The current execute mode isn't develop mode, will clear the task execute file: /tmp/dolphinscheduler/exec/process/ssd/9335022518560/9343033893664_7/8/8
[INFO] 2023-04-25 12:21:24.456 +0000 - Success clear the task execute file: /tmp/dolphinscheduler/exec/process/ssd/9335022518560/9343033893664_7/8/8
