[INFO] 2023-04-27 12:51:34.198 +0000 - Begin to pulling task
[INFO] 2023-04-27 12:51:34.203 +0000 - Begin to initialize task
[INFO] 2023-04-27 12:51:34.203 +0000 - Set task startTime: Thu Apr 27 12:51:34 UTC 2023
[INFO] 2023-04-27 12:51:34.204 +0000 - Set task envFile: /ssd/apache-dolphinscheduler-3.1.5-bin/standalone-server/conf/dolphinscheduler_env.sh
[INFO] 2023-04-27 12:51:34.204 +0000 - Set task appId: 9_16
[INFO] 2023-04-27 12:51:34.204 +0000 - End initialize task
[INFO] 2023-04-27 12:51:34.205 +0000 - Set task status to TaskExecutionStatus{code=1, desc='running'}
[INFO] 2023-04-27 12:51:34.205 +0000 - TenantCode:liuren check success
[INFO] 2023-04-27 12:51:34.206 +0000 - ProcessExecDir:/tmp/dolphinscheduler/exec/process/liuren/9364448922016/9365294173216_10/9/16 check success
[INFO] 2023-04-27 12:51:34.206 +0000 - Resources:{} check success
[INFO] 2023-04-27 12:51:34.207 +0000 - Task plugin: SQL create success
[INFO] 2023-04-27 12:51:34.207 +0000 - Success initialized task plugin instance success
[INFO] 2023-04-27 12:51:34.207 +0000 - Success set taskVarPool: null
[INFO] 2023-04-27 12:51:34.207 +0000 - Full sql parameters: SqlParameters{type='POSTGRESQL', datasource=1, sql='DROP TABLE IF EXISTS "raw_data"."t_audit_opinion";
CREATE TABLE "raw_data"."t_audit_opinion" (
  "id" varchar(32) COLLATE "pg_catalog"."default" NOT NULL,
  "node_id" varchar(50) COLLATE "pg_catalog"."default",
  "node_name" varchar(255) COLLATE "pg_catalog"."default",
  "opinion" text COLLATE "pg_catalog"."default",
  "auditor_id" varchar(32) COLLATE "pg_catalog"."default",
  "picture_id" varchar(100) COLLATE "pg_catalog"."default",
  "audit_date" timestamp(6),
  "work_id" varchar(32) COLLATE "pg_catalog"."default",
  "create_time" timestamp(6)
)
;
COMMENT ON COLUMN "raw_data"."t_audit_opinion"."id" IS '主键id';
COMMENT ON COLUMN "raw_data"."t_audit_opinion"."node_id" IS '环节id';
COMMENT ON COLUMN "raw_data"."t_audit_opinion"."node_name" IS '环节（环节名称）';
COMMENT ON COLUMN "raw_data"."t_audit_opinion"."opinion" IS '意见';
COMMENT ON COLUMN "raw_data"."t_audit_opinion"."auditor_id" IS '审核人id';
COMMENT ON COLUMN "raw_data"."t_audit_opinion"."picture_id" IS '用户签名图片地址';
COMMENT ON COLUMN "raw_data"."t_audit_opinion"."audit_date" IS '审核时间';
COMMENT ON COLUMN "raw_data"."t_audit_opinion"."work_id" IS '流程id';
COMMENT ON COLUMN "raw_data"."t_audit_opinion"."create_time" IS '创建时间';
COMMENT ON TABLE "raw_data"."t_audit_opinion" IS '审核意见表';
', sqlType=1, sendEmail=null, displayRows=10, limit=0, segmentSeparator=, udfs='null', showType='null', connParams='null', groupId='0', title='null', preStatements=[], postStatements=[]}
[INFO] 2023-04-27 12:51:34.207 +0000 - sql type : POSTGRESQL, datasource : 1, sql : DROP TABLE IF EXISTS "raw_data"."t_audit_opinion";
CREATE TABLE "raw_data"."t_audit_opinion" (
  "id" varchar(32) COLLATE "pg_catalog"."default" NOT NULL,
  "node_id" varchar(50) COLLATE "pg_catalog"."default",
  "node_name" varchar(255) COLLATE "pg_catalog"."default",
  "opinion" text COLLATE "pg_catalog"."default",
  "auditor_id" varchar(32) COLLATE "pg_catalog"."default",
  "picture_id" varchar(100) COLLATE "pg_catalog"."default",
  "audit_date" timestamp(6),
  "work_id" varchar(32) COLLATE "pg_catalog"."default",
  "create_time" timestamp(6)
)
;
COMMENT ON COLUMN "raw_data"."t_audit_opinion"."id" IS '主键id';
COMMENT ON COLUMN "raw_data"."t_audit_opinion"."node_id" IS '环节id';
COMMENT ON COLUMN "raw_data"."t_audit_opinion"."node_name" IS '环节（环节名称）';
COMMENT ON COLUMN "raw_data"."t_audit_opinion"."opinion" IS '意见';
COMMENT ON COLUMN "raw_data"."t_audit_opinion"."auditor_id" IS '审核人id';
COMMENT ON COLUMN "raw_data"."t_audit_opinion"."picture_id" IS '用户签名图片地址';
COMMENT ON COLUMN "raw_data"."t_audit_opinion"."audit_date" IS '审核时间';
COMMENT ON COLUMN "raw_data"."t_audit_opinion"."work_id" IS '流程id';
COMMENT ON COLUMN "raw_data"."t_audit_opinion"."create_time" IS '创建时间';
COMMENT ON TABLE "raw_data"."t_audit_opinion" IS '审核意见表';
 , localParams : [],udfs : null,showType : null,connParams : null,varPool : [] ,query max result limit  0
[INFO] 2023-04-27 12:51:34.208 +0000 - can't find udf function resource
[INFO] 2023-04-27 12:51:34.210 +0000 - prepare statement replace sql : DROP TABLE IF EXISTS "raw_data"."t_audit_opinion";
CREATE TABLE "raw_data"."t_audit_opinion" (
  "id" varchar(32) COLLATE "pg_catalog"."default" NOT NULL,
  "node_id" varchar(50) COLLATE "pg_catalog"."default",
  "node_name" varchar(255) COLLATE "pg_catalog"."default",
  "opinion" text COLLATE "pg_catalog"."default",
  "auditor_id" varchar(32) COLLATE "pg_catalog"."default",
  "picture_id" varchar(100) COLLATE "pg_catalog"."default",
  "audit_date" timestamp(6),
  "work_id" varchar(32) COLLATE "pg_catalog"."default",
  "create_time" timestamp(6)
)
;
COMMENT ON COLUMN "raw_data"."t_audit_opinion"."id" IS '主键id';
COMMENT ON COLUMN "raw_data"."t_audit_opinion"."node_id" IS '环节id';
COMMENT ON COLUMN "raw_data"."t_audit_opinion"."node_name" IS '环节（环节名称）';
COMMENT ON COLUMN "raw_data"."t_audit_opinion"."opinion" IS '意见';
COMMENT ON COLUMN "raw_data"."t_audit_opinion"."auditor_id" IS '审核人id';
COMMENT ON COLUMN "raw_data"."t_audit_opinion"."picture_id" IS '用户签名图片地址';
COMMENT ON COLUMN "raw_data"."t_audit_opinion"."audit_date" IS '审核时间';
COMMENT ON COLUMN "raw_data"."t_audit_opinion"."work_id" IS '流程id';
COMMENT ON COLUMN "raw_data"."t_audit_opinion"."create_time" IS '创建时间';
COMMENT ON TABLE "raw_data"."t_audit_opinion" IS '审核意见表';
, sql parameters : {}
[INFO] 2023-04-27 12:51:34.378 +0000 - main statement execute update result: 0, for sql: DROP TABLE IF EXISTS "raw_data"."t_audit_opinion";
CREATE TABLE "raw_data"."t_audit_opinion" (
  "id" varchar(32) COLLATE "pg_catalog"."default" NOT NULL,
  "node_id" varchar(50) COLLATE "pg_catalog"."default",
  "node_name" varchar(255) COLLATE "pg_catalog"."default",
  "opinion" text COLLATE "pg_catalog"."default",
  "auditor_id" varchar(32) COLLATE "pg_catalog"."default",
  "picture_id" varchar(100) COLLATE "pg_catalog"."default",
  "audit_date" timestamp(6),
  "work_id" varchar(32) COLLATE "pg_catalog"."default",
  "create_time" timestamp(6)
)
;
COMMENT ON COLUMN "raw_data"."t_audit_opinion"."id" IS '主键id';
COMMENT ON COLUMN "raw_data"."t_audit_opinion"."node_id" IS '环节id';
COMMENT ON COLUMN "raw_data"."t_audit_opinion"."node_name" IS '环节（环节名称）';
COMMENT ON COLUMN "raw_data"."t_audit_opinion"."opinion" IS '意见';
COMMENT ON COLUMN "raw_data"."t_audit_opinion"."auditor_id" IS '审核人id';
COMMENT ON COLUMN "raw_data"."t_audit_opinion"."picture_id" IS '用户签名图片地址';
COMMENT ON COLUMN "raw_data"."t_audit_opinion"."audit_date" IS '审核时间';
COMMENT ON COLUMN "raw_data"."t_audit_opinion"."work_id" IS '流程id';
COMMENT ON COLUMN "raw_data"."t_audit_opinion"."create_time" IS '创建时间';
COMMENT ON TABLE "raw_data"."t_audit_opinion" IS '审核意见表';

[INFO] 2023-04-27 12:51:34.379 +0000 - Send task execute result to master, the current task status: TaskExecutionStatus{code=7, desc='success'}
[INFO] 2023-04-27 12:51:34.379 +0000 - Remove the current task execute context from worker cache
[INFO] 2023-04-27 12:51:34.379 +0000 - The current execute mode isn't develop mode, will clear the task execute file: /tmp/dolphinscheduler/exec/process/liuren/9364448922016/9365294173216_10/9/16
[INFO] 2023-04-27 12:51:34.380 +0000 - Success clear the task execute file: /tmp/dolphinscheduler/exec/process/liuren/9364448922016/9365294173216_10/9/16
